<?xml version="1.0" encoding="UTF-8"?>
<!-- Generated by org.testng.reporters.JUnitReportReporter -->
<testsuite hostname="ganu" failures="0" tests="3" name="com.openhrm.qa.testcases.LoginPageTest" time="48.872" errors="0" timestamp="18 Sep 2021 19:14:58 GMT" skipped="0">
  <testcase classname="com.openhrm.qa.testcases.LoginPageTest" name="loginpageTitleTest" time="19.075"/>
  <testcase classname="com.openhrm.qa.testcases.LoginPageTest" name="loginpagelogoTest" time="12.041"/>
  <testcase classname="com.openhrm.qa.testcases.LoginPageTest" name="loginTest" time="17.756"/>
</testsuite> <!-- com.openhrm.qa.testcases.LoginPageTest -->
