<?xml version="1.0" encoding="UTF-8"?>
<!-- Generated by org.testng.reporters.JUnitReportReporter -->
<testsuite hostname="ganu" failures="0" tests="3" name="com.openhrm.qa.testcases.LoginPageTest" time="178.026" errors="0" timestamp="16 Sep 2021 17:20:38 GMT" skipped="0">
  <testcase classname="com.openhrm.qa.testcases.LoginPageTest" name="loginpageTitleTest" time="22.857"/>
  <testcase classname="com.openhrm.qa.testcases.LoginPageTest" name="loginpagelogoTest" time="20.027"/>
  <testcase classname="com.openhrm.qa.testcases.LoginPageTest" name="loginTest" time="135.142"/>
</testsuite> <!-- com.openhrm.qa.testcases.LoginPageTest -->
