<?xml version="1.0" encoding="UTF-8"?>
<!-- Generated by org.testng.reporters.JUnitReportReporter -->
<testsuite hostname="ganu" failures="0" tests="2" name="com.openhrm.qa.testcases.HomePageTest" time="40.586" errors="0" timestamp="18 Sep 2021 19:30:17 GMT" skipped="0">
  <testcase classname="com.openhrm.qa.testcases.HomePageTest" name="userValidateTest" time="19.805"/>
  <testcase classname="com.openhrm.qa.testcases.HomePageTest" name="admintabClickTest" time="20.781"/>
</testsuite> <!-- com.openhrm.qa.testcases.HomePageTest -->
