<?xml version="1.0" encoding="UTF-8"?>
<!-- Generated by org.testng.reporters.JUnitReportReporter -->
<testsuite hostname="ganu" failures="0" tests="2" name="com.openhrm.qa.testcases.HomePageTest" time="44.701" errors="0" timestamp="18 Sep 2021 19:14:58 GMT" skipped="0">
  <testcase classname="com.openhrm.qa.testcases.HomePageTest" name="userValidateTest" time="21.064"/>
  <testcase classname="com.openhrm.qa.testcases.HomePageTest" name="admintabClickTest" time="23.637"/>
</testsuite> <!-- com.openhrm.qa.testcases.HomePageTest -->
