<?xml version="1.0" encoding="UTF-8"?>
<!-- Generated by org.testng.reporters.JUnitReportReporter -->
<testsuite hostname="ganu" failures="0" tests="2" name="com.openhrm.qa.testcases.HomePageTest" time="47.806" errors="0" timestamp="12 Sep 2021 19:59:28 GMT" skipped="0">
  <testcase classname="com.openhrm.qa.testcases.HomePageTest" name="userValidateTest" time="28.690"/>
  <testcase classname="com.openhrm.qa.testcases.HomePageTest" name="admintabClickTest" time="19.116"/>
</testsuite> <!-- com.openhrm.qa.testcases.HomePageTest -->
